Library/Bee/Android/Prj/IL2CPP/Gradle/launcher/build/intermediates/manifest_merge_blame_file/release/manifest-merger-blame-release-report.txt
1<?xml version="1.0" encoding="utf-8"?>
2<manifest xmlns:android="http://schemas.android.com/apk/res/android"
3    package="com.vuforia.engine.VuforiaEngine"
4    android:installLocation="preferExternal"
5    android:versionCode="10163"
6    android:versionName="10.16.3" >
7
8    <uses-sdk
9        android:minSdkVersion="26"
9-->src/main/AndroidManifest.xml
10        android:targetSdkVersion="34" />
10-->src/main/AndroidManifest.xml
11
12    <supports-screens
12-->src/main/AndroidManifest.xml:3:3-163
13        android:anyDensity="true"
13-->src/main/AndroidManifest.xml:3:135-160
14        android:largeScreens="true"
14-->src/main/AndroidManifest.xml:3:78-105
15        android:normalScreens="true"
15-->src/main/AndroidManifest.xml:3:49-77
16        android:smallScreens="true"
16-->src/main/AndroidManifest.xml:3:21-48
17        android:xlargeScreens="true" />
17-->src/main/AndroidManifest.xml:3:106-134
18
19    <uses-feature android:glEsVersion="0x00020000" />
19-->[:unityLibrary] AndroidManifest.xml:12:5-54
19-->[:unityLibrary] AndroidManifest.xml:12:19-51
20    <uses-feature
20-->[:unityLibrary] AndroidManifest.xml:13:5-15:36
21        android:name="android.hardware.vulkan.version"
21-->[:unityLibrary] AndroidManifest.xml:14:9-55
22        android:required="false" />
22-->[:unityLibrary] AndroidManifest.xml:15:9-33
23
24    <uses-permission android:name="android.permission.CAMERA" />
24-->[:unityLibrary] AndroidManifest.xml:17:5-65
24-->[:unityLibrary] AndroidManifest.xml:17:22-62
25
26    <uses-feature
26-->[:unityLibrary] AndroidManifest.xml:19:5-21:36
27        android:name="android.hardware.camera"
27-->[:unityLibrary] AndroidManifest.xml:20:9-47
28        android:required="true" />
28-->[:unityLibrary] AndroidManifest.xml:21:9-33
29    <uses-feature
29-->[:unityLibrary] AndroidManifest.xml:22:5-24:36
30        android:name="android.hardware.camera.autofocus"
30-->[:unityLibrary] AndroidManifest.xml:23:9-57
31        android:required="false" />
31-->[:unityLibrary] AndroidManifest.xml:24:9-33
32    <uses-feature
32-->[:unityLibrary] AndroidManifest.xml:25:5-27:36
33        android:name="android.hardware.camera.front"
33-->[:unityLibrary] AndroidManifest.xml:26:9-53
34        android:required="false" />
34-->[:unityLibrary] AndroidManifest.xml:27:9-33
35    <uses-feature
35-->[:unityLibrary] AndroidManifest.xml:28:5-30:36
36        android:name="android.hardware.touchscreen"
36-->[:unityLibrary] AndroidManifest.xml:29:9-52
37        android:required="false" />
37-->[:unityLibrary] AndroidManifest.xml:30:9-33
38    <uses-feature
38-->[:unityLibrary] AndroidManifest.xml:31:5-33:36
39        android:name="android.hardware.touchscreen.multitouch"
39-->[:unityLibrary] AndroidManifest.xml:32:9-63
40        android:required="false" />
40-->[:unityLibrary] AndroidManifest.xml:33:9-33
41    <uses-feature
41-->[:unityLibrary] AndroidManifest.xml:34:5-36:36
42        android:name="android.hardware.touchscreen.multitouch.distinct"
42-->[:unityLibrary] AndroidManifest.xml:35:9-72
43        android:required="false" />
43-->[:unityLibrary] AndroidManifest.xml:36:9-33
44
45    <queries>
45-->[com.google.ar:core:1.32.0] AndroidManifest.xml:29:5-31:15
46        <package android:name="com.google.ar.core" />
46-->[com.google.ar:core:1.32.0] AndroidManifest.xml:30:9-54
46-->[com.google.ar:core:1.32.0] AndroidManifest.xml:30:18-51
47    </queries>
48    <!--
49        Required by Vuforia: Add this permission to access IMU sensors at high rate
50        for device tracker functionality on Android 12+.
51    -->
52    <uses-permission android:name="android.permission.HIGH_SAMPLING_RATE_SENSORS" /> <!-- Required by Vuforia: Add this permission to allow checking of network. -->
52-->[:VuforiaEngine:] AndroidManifest.xml:16:5-85
52-->[:VuforiaEngine:] AndroidManifest.xml:16:22-82
53    <uses-permission android:name="android.permission.ACCESS_NETWORK_STATE" /> <!-- Required by Vuforia: Add this permission to allow opening network sockets. -->
53-->[:VuforiaEngine:] AndroidManifest.xml:19:5-79
53-->[:VuforiaEngine:] AndroidManifest.xml:19:22-76
54    <uses-permission android:name="android.permission.INTERNET" />
54-->[:VuforiaEngine:] AndroidManifest.xml:22:5-67
54-->[:VuforiaEngine:] AndroidManifest.xml:22:22-64
55
56    <application
56-->src/main/AndroidManifest.xml:4:3-126
57        android:extractNativeLibs="true"
57-->[:unityLibrary] AndroidManifest.xml:38:18-50
58        android:icon="@mipmap/app_icon"
58-->src/main/AndroidManifest.xml:4:49-80
59        android:label="@string/app_name"
59-->src/main/AndroidManifest.xml:4:16-48
60        android:roundIcon="@mipmap/app_icon_round" >
60-->src/main/AndroidManifest.xml:4:81-123
61        <activity
61-->[:unityLibrary] AndroidManifest.xml:39:9-60:20
62            android:name="com.unity3d.player.UnityPlayerActivity"
62-->[:unityLibrary] AndroidManifest.xml:40:13-66
63            android:configChanges="mcc|mnc|locale|touchscreen|keyboard|keyboardHidden|navigation|orientation|screenLayout|uiMode|screenSize|smallestScreenSize|fontScale|layoutDirection|density"
63-->[:unityLibrary] AndroidManifest.xml:41:13-194
64            android:exported="true"
64-->[:unityLibrary] AndroidManifest.xml:42:13-36
65            android:hardwareAccelerated="false"
65-->[:unityLibrary] AndroidManifest.xml:43:13-48
66            android:launchMode="singleTask"
66-->[:unityLibrary] AndroidManifest.xml:44:13-44
67            android:resizeableActivity="false"
67-->[:unityLibrary] AndroidManifest.xml:45:13-47
68            android:screenOrientation="portrait"
68-->[:unityLibrary] AndroidManifest.xml:46:13-49
69            android:theme="@style/UnityThemeSelector" >
69-->[:unityLibrary] AndroidManifest.xml:47:13-54
70            <intent-filter>
70-->[:unityLibrary] AndroidManifest.xml:48:13-52:29
71                <action android:name="android.intent.action.MAIN" />
71-->[:unityLibrary] AndroidManifest.xml:49:17-69
71-->[:unityLibrary] AndroidManifest.xml:49:25-66
72
73                <category android:name="android.intent.category.LAUNCHER" />
73-->[:unityLibrary] AndroidManifest.xml:51:17-77
73-->[:unityLibrary] AndroidManifest.xml:51:27-74
74            </intent-filter>
75
76            <meta-data
76-->[:unityLibrary] AndroidManifest.xml:54:13-56:40
77                android:name="unityplayer.UnityActivity"
77-->[:unityLibrary] AndroidManifest.xml:55:17-57
78                android:value="true" />
78-->[:unityLibrary] AndroidManifest.xml:56:17-37
79            <meta-data
79-->[:unityLibrary] AndroidManifest.xml:57:13-59:40
80                android:name="android.notch_support"
80-->[:unityLibrary] AndroidManifest.xml:58:17-53
81                android:value="true" />
81-->[:unityLibrary] AndroidManifest.xml:59:17-37
82        </activity>
83
84        <meta-data
84-->[:unityLibrary] AndroidManifest.xml:62:9-64:33
85            android:name="unity.splash-mode"
85-->[:unityLibrary] AndroidManifest.xml:63:13-45
86            android:value="0" />
86-->[:unityLibrary] AndroidManifest.xml:64:13-30
87        <meta-data
87-->[:unityLibrary] AndroidManifest.xml:65:9-67:36
88            android:name="unity.splash-enable"
88-->[:unityLibrary] AndroidManifest.xml:66:13-47
89            android:value="True" />
89-->[:unityLibrary] AndroidManifest.xml:67:13-33
90        <meta-data
90-->[:unityLibrary] AndroidManifest.xml:68:9-70:36
91            android:name="unity.launch-fullscreen"
91-->[:unityLibrary] AndroidManifest.xml:69:13-51
92            android:value="True" />
92-->[:unityLibrary] AndroidManifest.xml:70:13-33
93        <meta-data
93-->[:unityLibrary] AndroidManifest.xml:71:9-73:37
94            android:name="unity.allow-resizable-window"
94-->[:unityLibrary] AndroidManifest.xml:72:13-56
95            android:value="False" />
95-->[:unityLibrary] AndroidManifest.xml:73:13-34
96        <meta-data
96-->[:unityLibrary] AndroidManifest.xml:74:9-76:50
97            android:name="notch.config"
97-->[:unityLibrary] AndroidManifest.xml:75:13-40
98            android:value="portrait|landscape" />
98-->[:unityLibrary] AndroidManifest.xml:76:13-47
99        <meta-data
99-->[:unityLibrary] AndroidManifest.xml:77:9-79:36
100            android:name="unity.auto-report-fully-drawn"
100-->[:unityLibrary] AndroidManifest.xml:78:13-57
101            android:value="true" />
101-->[:unityLibrary] AndroidManifest.xml:79:13-33
102        <meta-data
102-->[:unityLibrary] AndroidManifest.xml:80:9-82:40
103            android:name="com.google.ar.core"
103-->[:unityLibrary] AndroidManifest.xml:81:13-46
104            android:value="optional" /> <!-- The minimal version code of ARCore APK required for an app using this SDK. -->
104-->[:unityLibrary] AndroidManifest.xml:82:13-37
105        <meta-data
105-->[com.google.ar:core:1.32.0] AndroidManifest.xml:36:9-38:41
106            android:name="com.google.ar.core.min_apk_version"
106-->[com.google.ar:core:1.32.0] AndroidManifest.xml:37:13-62
107            android:value="221020000" /> <!-- This activity is critical for installing ARCore when it is not already present. -->
107-->[com.google.ar:core:1.32.0] AndroidManifest.xml:38:13-38
108        <activity
108-->[com.google.ar:core:1.32.0] AndroidManifest.xml:40:9-46:80
109            android:name="com.google.ar.core.InstallActivity"
109-->[com.google.ar:core:1.32.0] AndroidManifest.xml:41:13-62
110            android:configChanges="keyboardHidden|orientation|screenSize"
110-->[com.google.ar:core:1.32.0] AndroidManifest.xml:42:13-74
111            android:excludeFromRecents="true"
111-->[com.google.ar:core:1.32.0] AndroidManifest.xml:43:13-46
112            android:exported="false"
112-->[com.google.ar:core:1.32.0] AndroidManifest.xml:44:13-37
113            android:launchMode="singleTop"
113-->[com.google.ar:core:1.32.0] AndroidManifest.xml:45:13-43
114            android:theme="@android:style/Theme.Material.Light.Dialog.Alert" />
114-->[com.google.ar:core:1.32.0] AndroidManifest.xml:46:13-77
115
116        <provider
116-->[:VuforiaEngine:] AndroidManifest.xml:25:9-33:20
117            android:name="com.vuforia.engine.app.VuforiaContentProvider"
117-->[:VuforiaEngine:] AndroidManifest.xml:26:13-73
118            android:authorities="com.vuforia.engine.VuforiaEngine.vuforia.share"
118-->[:VuforiaEngine:] AndroidManifest.xml:27:13-65
119            android:exported="false"
119-->[:VuforiaEngine:] AndroidManifest.xml:28:13-37
120            android:grantUriPermissions="true" >
120-->[:VuforiaEngine:] AndroidManifest.xml:29:13-47
121            <meta-data
121-->[:VuforiaEngine:] AndroidManifest.xml:30:13-32:53
122                android:name="android.support.FILE_PROVIDER_PATHS"
122-->[:VuforiaEngine:] AndroidManifest.xml:31:17-67
123                android:resource="@xml/filepaths" />
123-->[:VuforiaEngine:] AndroidManifest.xml:32:17-50
124        </provider>
125    </application>
126
127</manifest>